0 info it worked if it ends with ok
1 verbose cli [ '/usr/local/bin/node',
1 verbose cli   '/usr/local/bin/npm',
1 verbose cli   'install',
1 verbose cli   'jquery' ]
2 info using npm@2.7.4
3 info using node@v0.12.2
4 silly cache add args [ 'jquery', null ]
5 verbose cache add spec jquery
6 silly cache add parsed spec { raw: 'jquery',
6 silly cache add   scope: null,
6 silly cache add   name: 'jquery',
6 silly cache add   rawSpec: '',
6 silly cache add   spec: '*',
6 silly cache add   type: 'range' }
7 verbose addNamed jquery@*
8 silly addNamed semver.valid null
9 silly addNamed semver.validRange *
10 silly addNameRange { name: 'jquery', range: '*', hasData: false }
11 silly mapToRegistry name jquery
12 silly mapToRegistry using default registry
13 silly mapToRegistry registry https://registry.npmjs.org/
14 silly mapToRegistry uri https://registry.npmjs.org/jquery
15 verbose addNameRange registry:https://registry.npmjs.org/jquery not in flight; fetching
16 verbose request uri https://registry.npmjs.org/jquery
17 verbose request no auth needed
18 info attempt registry request try #1 at 8:50:37 PM
19 verbose request id f6302580c615d304
20 http request GET https://registry.npmjs.org/jquery
21 http 200 https://registry.npmjs.org/jquery
22 silly get cb [ 200,
22 silly get   { date: 'Sat, 11 Apr 2015 00:50:38 GMT',
22 silly get     server: 'CouchDB/1.5.0 (Erlang OTP/R16B03)',
22 silly get     etag: '"44PHJ1J2AOQ85ZI6OZDKY7Z9P"',
22 silly get     'content-type': 'application/json',
22 silly get     'cache-control': 'max-age=60',
22 silly get     'content-length': '51621',
22 silly get     'accept-ranges': 'bytes',
22 silly get     via: '1.1 varnish',
22 silly get     age: '0',
22 silly get     'x-served-by': 'cache-jfk1031-JFK',
22 silly get     'x-cache': 'HIT',
22 silly get     'x-cache-hits': '1',
22 silly get     'x-timer': 'S1428713438.023103,VS0,VE87',
22 silly get     vary: 'Accept',
22 silly get     'keep-alive': 'timeout=10, max=50',
22 silly get     connection: 'Keep-Alive' } ]
23 verbose get saving jquery to /Users/Cat/.npm/registry.npmjs.org/jquery/.cache.json
24 silly addNameRange number 2 { name: 'jquery', range: '*', hasData: true }
25 silly addNameRange versions [ 'jquery',
25 silly addNameRange   [ '1.5.1',
25 silly addNameRange     '1.6.2',
25 silly addNameRange     '1.6.3',
25 silly addNameRange     '1.7.2',
25 silly addNameRange     '1.7.3',
25 silly addNameRange     '1.8.2',
25 silly addNameRange     '1.8.3',
25 silly addNameRange     '2.1.0-beta2',
25 silly addNameRange     '2.1.0-beta3',
25 silly addNameRange     '1.11.0-beta3',
25 silly addNameRange     '1.11.0-rc1',
25 silly addNameRange     '2.1.0-rc1',
25 silly addNameRange     '1.11.0',
25 silly addNameRange     '2.1.0',
25 silly addNameRange     '2.1.1-beta1',
25 silly addNameRange     '1.11.1-beta1',
25 silly addNameRange     '2.1.1-rc1',
25 silly addNameRange     '1.11.1-rc1',
25 silly addNameRange     '2.1.1-rc2',
25 silly addNameRange     '1.11.1-rc2',
25 silly addNameRange     '2.1.1',
25 silly addNameRange     '1.11.1',
25 silly addNameRange     '1.9.1',
25 silly addNameRange     '2.1.2',
25 silly addNameRange     '1.11.2',
25 silly addNameRange     '2.1.3' ] ]
26 verbose addNamed jquery@2.1.3
27 silly addNamed semver.valid 2.1.3
28 silly addNamed semver.validRange 2.1.3
29 silly mapToRegistry name jquery
30 silly mapToRegistry using default registry
31 silly mapToRegistry registry https://registry.npmjs.org/
32 silly mapToRegistry uri https://registry.npmjs.org/jquery
33 verbose addRemoteTarball https://registry.npmjs.org/jquery/-/jquery-2.1.3.tgz not in flight; adding
34 verbose addRemoteTarball [ 'https://registry.npmjs.org/jquery/-/jquery-2.1.3.tgz',
34 verbose addRemoteTarball   '6ec55204673d505d39432c5bf5cfad10e1dbad2e' ]
35 info retry fetch attempt 1 at 8:50:37 PM
36 info attempt registry request try #1 at 8:50:37 PM
37 http fetch GET https://registry.npmjs.org/jquery/-/jquery-2.1.3.tgz
38 http fetch 200 https://registry.npmjs.org/jquery/-/jquery-2.1.3.tgz
39 silly fetchAndShaCheck shasum 6ec55204673d505d39432c5bf5cfad10e1dbad2e
40 verbose addTmpTarball /var/folders/3q/w_tx6lhx5jv3t50kk5p8zhvm0000gn/T/npm-3812-a0724c22/registry.npmjs.org/jquery/-/jquery-2.1.3.tgz not in flight; adding
41 verbose addTmpTarball already have metadata; skipping unpack for jquery@2.1.3
42 silly cache afterAdd jquery@2.1.3
43 verbose afterAdd /Users/Cat/.npm/jquery/2.1.3/package/package.json not in flight; writing
44 verbose afterAdd /Users/Cat/.npm/jquery/2.1.3/package/package.json written
45 silly install resolved [ { name: 'jquery',
45 silly install resolved     title: 'jQuery',
45 silly install resolved     description: 'JavaScript library for DOM operations',
45 silly install resolved     version: '2.1.3',
45 silly install resolved     main: 'dist/jquery.js',
45 silly install resolved     homepage: 'http://jquery.com',
45 silly install resolved     author:
45 silly install resolved      { name: 'jQuery Foundation and other contributors',
45 silly install resolved        url: 'https://github.com/jquery/jquery/blob/2.1.3/AUTHORS.txt' },
45 silly install resolved     repository: { type: 'git', url: 'https://github.com/jquery/jquery.git' },
45 silly install resolved     keywords: [ 'jquery', 'javascript', 'browser', 'library' ],
45 silly install resolved     bugs: { url: 'http://bugs.jquery.com' },
45 silly install resolved     licenses: [ [Object] ],
45 silly install resolved     dependencies: {},
45 silly install resolved     devDependencies:
45 silly install resolved      { commitplease: '2.0.0',
45 silly install resolved        grunt: '0.4.2',
45 silly install resolved        'grunt-bowercopy': '0.7.1',
45 silly install resolved        'grunt-cli': '0.1.13',
45 silly install resolved        'grunt-compare-size': '0.4.0',
45 silly install resolved        'grunt-contrib-jshint': '0.8.0',
45 silly install resolved        'grunt-contrib-uglify': '0.3.2',
45 silly install resolved        'grunt-contrib-watch': '0.5.3',
45 silly install resolved        'grunt-git-authors': '1.2.0',
45 silly install resolved        'grunt-jscs-checker': '0.4.1',
45 silly install resolved        'grunt-jsonlint': '1.0.4',
45 silly install resolved        'gzip-js': '0.3.2',
45 silly install resolved        jsdom: '1.5.0',
45 silly install resolved        'load-grunt-tasks': '0.3.0',
45 silly install resolved        requirejs: '2.1.10',
45 silly install resolved        testswarm: '1.1.0' },
45 silly install resolved     scripts:
45 silly install resolved      { build: 'npm install && grunt',
45 silly install resolved        start: 'grunt watch',
45 silly install resolved        test: 'grunt' },
45 silly install resolved     gitHead: '8f2a9d9272d6ed7f32d3a484740ab342c02541e0',
45 silly install resolved     _id: 'jquery@2.1.3',
45 silly install resolved     _shasum: '6ec55204673d505d39432c5bf5cfad10e1dbad2e',
45 silly install resolved     _from: 'jquery@*',
45 silly install resolved     _npmVersion: '2.1.14',
45 silly install resolved     _nodeVersion: '0.11.14',
45 silly install resolved     _npmUser: { name: 'm_gol', email: 'm.goleb@gmail.com' },
45 silly install resolved     maintainers: [ [Object], [Object], [Object], [Object] ],
45 silly install resolved     dist:
45 silly install resolved      { shasum: '6ec55204673d505d39432c5bf5cfad10e1dbad2e',
45 silly install resolved        tarball: 'http://registry.npmjs.org/jquery/-/jquery-2.1.3.tgz' },
45 silly install resolved     directories: {},
45 silly install resolved     _resolved: 'https://registry.npmjs.org/jquery/-/jquery-2.1.3.tgz' } ]
46 info install jquery@2.1.3 into /Users/Cat/Fullstack/guessing_game
47 info installOne jquery@2.1.3
48 verbose installOne of jquery to /Users/Cat/Fullstack/guessing_game not in flight; installing
49 warn locking Error: EACCES, open '/Users/Cat/.npm/_locks/jquery-c4d706090a33a853.lock'
49 warn locking     at Error (native)
49 warn locking  /Users/Cat/.npm/_locks/jquery-c4d706090a33a853.lock failed { [Error: EACCES, open '/Users/Cat/.npm/_locks/jquery-c4d706090a33a853.lock']
49 warn locking   errno: -13,
49 warn locking   code: 'EACCES',
49 warn locking   path: '/Users/Cat/.npm/_locks/jquery-c4d706090a33a853.lock' }
50 verbose stack Error: Attempt to unlock /Users/Cat/Fullstack/guessing_game/node_modules/jquery, which hasn't been locked
50 verbose stack     at unlock (/usr/local/lib/node_modules/npm/lib/utils/locker.js:66:11)
50 verbose stack     at cb (/usr/local/lib/node_modules/npm/lib/install.js:1004:5)
50 verbose stack     at /usr/local/lib/node_modules/npm/lib/install.js:1008:20
50 verbose stack     at /usr/local/lib/node_modules/npm/lib/utils/locker.js:40:9
50 verbose stack     at cb (/usr/local/lib/node_modules/npm/node_modules/lockfile/lockfile.js:149:38)
50 verbose stack     at /usr/local/lib/node_modules/npm/node_modules/lockfile/lockfile.js:177:38
50 verbose stack     at FSReqWrap.oncomplete (fs.js:95:15)
51 verbose cwd /Users/Cat/Fullstack/guessing_game/js
52 error Darwin 14.3.0
53 error argv "/usr/local/bin/node" "/usr/local/bin/npm" "install" "jquery"
54 error node v0.12.2
55 error npm  v2.7.4
56 error Attempt to unlock /Users/Cat/Fullstack/guessing_game/node_modules/jquery, which hasn't been locked
57 error If you need help, you may report this error at:
57 error     <https://github.com/npm/npm/issues>
58 verbose exit [ 1, true ]
